02 May 2024 11:20:38 INFO : before test started
02 May 2024 11:20:39 DEBUG: Parsing relationship: /xl/_rels/workbook.xml.rels
02 May 2024 11:20:39 DEBUG: Parsing relationship: /_rels/.rels
02 May 2024 11:20:39 TRACE: Loading type system org.apache.poi.schemas.ooxml.system.ooxml
02 May 2024 11:20:39 TRACE: Loading type system org.apache.xmlbeans.metadata.system.sXMLCONFIG
02 May 2024 11:20:39 TRACE: Loading type system org.apache.xmlbeans.metadata.system.sXMLLANG
02 May 2024 11:20:39 TRACE: Loading type system org.apache.xmlbeans.metadata.system.sXMLSCHEMA
02 May 2024 11:20:39 TRACE: Loading type system org.apache.xmlbeans.metadata.system.sXMLTOOLS
02 May 2024 11:20:39 TRACE: Reading unresolved handles for type system org.apache.xmlbeans.metadata.system.sXMLTOOLS
02 May 2024 11:20:39 TRACE: Finished loading type system org.apache.xmlbeans.metadata.system.sXMLTOOLS
02 May 2024 11:20:39 TRACE: Reading unresolved handles for type system org.apache.xmlbeans.metadata.system.sXMLSCHEMA
02 May 2024 11:20:39 TRACE: Finished loading type system org.apache.xmlbeans.metadata.system.sXMLSCHEMA
02 May 2024 11:20:39 TRACE: Reading unresolved handles for type system org.apache.xmlbeans.metadata.system.sXMLLANG
02 May 2024 11:20:39 TRACE: Finished loading type system org.apache.xmlbeans.metadata.system.sXMLLANG
02 May 2024 11:20:39 TRACE: Reading unresolved handles for type system org.apache.xmlbeans.metadata.system.sXMLCONFIG
02 May 2024 11:20:39 TRACE: Finished loading type system org.apache.xmlbeans.metadata.system.sXMLCONFIG
02 May 2024 11:20:39 TRACE: Reading unresolved handles for type system org.apache.poi.schemas.ooxml.system.ooxml
02 May 2024 11:20:39 TRACE: Finished loading type system org.apache.poi.schemas.ooxml.system.ooxml
02 May 2024 11:20:39 TRACE: Resolving type for handle sstf81fdoctype
02 May 2024 11:20:40 TRACE: Resolving type for handle ctsst44f3type
02 May 2024 11:20:40 TRACE: Resolving type for handle ctrsta472type
02 May 2024 11:20:40 TRACE: Resolving type for handle stylesheet5d8bdoctype
02 May 2024 11:20:40 TRACE: Resolving type for handle ctstylesheet4257type
02 May 2024 11:20:40 TRACE: Resolving type for handle ctnumfmtsb58btype
02 May 2024 11:20:40 TRACE: Resolving type for handle ctfonts6623type
02 May 2024 11:20:40 TRACE: Resolving type for handle ctfont14d8type
02 May 2024 11:20:40 TRACE: Resolving type for handle ctfills2c6ftype
02 May 2024 11:20:40 TRACE: Resolving type for handle ctfill550ctype
02 May 2024 11:20:40 TRACE: Resolving type for handle ctborders0d66type
02 May 2024 11:20:40 TRACE: Resolving type for handle ctborderf935type
02 May 2024 11:20:40 TRACE: Resolving type for handle ctcellxfs1322type
02 May 2024 11:20:40 TRACE: Resolving type for handle ctxf97f7type
02 May 2024 11:20:40 TRACE: Resolving type for handle ctcellstylexfsa81ftype
02 May 2024 11:20:40 TRACE: Resolving type for handle ctdxfsb26atype
02 May 2024 11:20:40 TRACE: Resolving type for handle cttablestyles872ftype
02 May 2024 11:20:40 TRACE: Resolving type for handle themefd26doctype
02 May 2024 11:20:40 TRACE: Resolving type for handle workbookec17doctype
02 May 2024 11:20:40 TRACE: Resolving type for handle ctworkbook83c3type
02 May 2024 11:20:40 TRACE: Resolving type for handle ctsheets49fdtype
02 May 2024 11:20:40 TRACE: Resolving type for handle ctsheet4dbetype
02 May 2024 11:20:40 TRACE: Resolving type for handle strelationshipid1e94type
02 May 2024 11:20:40 TRACE: Resolving type for handle worksheetf539doctype
02 May 2024 11:20:40 TRACE: Resolving type for handle ctworksheet530dtype
02 May 2024 11:20:40 TRACE: Resolving type for handle ctcols627ctype
02 May 2024 11:20:40 TRACE: Resolving type for handle ctcola95ftype
02 May 2024 11:20:40 TRACE: Resolving type for handle ctsheetdata8408type
02 May 2024 11:20:40 TRACE: Resolving type for handle ctrowdd39type
02 May 2024 11:20:40 TRACE: Resolving type for handle ctcell842btype
02 May 2024 11:20:40 TRACE: Resolving type for handle stcellrefe4e0type
02 May 2024 11:20:40 TRACE: Resolving type for handle stcelltypebf95type
02 May 2024 11:20:40 TRACE: Resolving type for handle stxstringf179type
02 May 2024 11:20:40 INFO : before test ended
02 May 2024 11:20:40 INFO : test1 started
02 May 2024 11:20:40 INFO : openeing url
02 May 2024 11:20:46 INFO : sending keys bangalore
02 May 2024 11:20:46 INFO : click on button lets go
02 May 2024 11:20:48 INFO : click on first result
02 May 2024 11:20:51 WARN : changing tabs
02 May 2024 11:20:51 INFO : dropdown selection
02 May 2024 11:20:53 INFO : selecting 4 people
02 May 2024 11:20:56 INFO : selecting date
02 May 2024 11:20:57 INFO : selecting time
02 May 2024 11:20:57 INFO : clicking signin
02 May 2024 11:20:57 INFO : Taking screenshots
02 May 2024 11:20:57 INFO : took screenshot
02 May 2024 11:21:00 INFO : test1 ended
