26 Apr 2024 20:15:05 INFO : before test started
26 Apr 2024 20:15:09 DEBUG: Parsing relationship: /xl/_rels/workbook.xml.rels
26 Apr 2024 20:15:09 DEBUG: Parsing relationship: /_rels/.rels
26 Apr 2024 20:15:09 TRACE: Loading type system org.apache.poi.schemas.ooxml.system.ooxml
26 Apr 2024 20:15:09 TRACE: Loading type system org.apache.xmlbeans.metadata.system.sXMLCONFIG
26 Apr 2024 20:15:09 TRACE: Loading type system org.apache.xmlbeans.metadata.system.sXMLLANG
26 Apr 2024 20:15:09 TRACE: Loading type system org.apache.xmlbeans.metadata.system.sXMLSCHEMA
26 Apr 2024 20:15:09 TRACE: Loading type system org.apache.xmlbeans.metadata.system.sXMLTOOLS
26 Apr 2024 20:15:09 TRACE: Reading unresolved handles for type system org.apache.xmlbeans.metadata.system.sXMLTOOLS
26 Apr 2024 20:15:09 TRACE: Finished loading type system org.apache.xmlbeans.metadata.system.sXMLTOOLS
26 Apr 2024 20:15:09 TRACE: Reading unresolved handles for type system org.apache.xmlbeans.metadata.system.sXMLSCHEMA
26 Apr 2024 20:15:09 TRACE: Finished loading type system org.apache.xmlbeans.metadata.system.sXMLSCHEMA
26 Apr 2024 20:15:09 TRACE: Reading unresolved handles for type system org.apache.xmlbeans.metadata.system.sXMLLANG
26 Apr 2024 20:15:09 TRACE: Finished loading type system org.apache.xmlbeans.metadata.system.sXMLLANG
26 Apr 2024 20:15:09 TRACE: Reading unresolved handles for type system org.apache.xmlbeans.metadata.system.sXMLCONFIG
26 Apr 2024 20:15:09 TRACE: Finished loading type system org.apache.xmlbeans.metadata.system.sXMLCONFIG
26 Apr 2024 20:15:09 TRACE: Reading unresolved handles for type system org.apache.poi.schemas.ooxml.system.ooxml
26 Apr 2024 20:15:09 TRACE: Finished loading type system org.apache.poi.schemas.ooxml.system.ooxml
26 Apr 2024 20:15:09 TRACE: Resolving type for handle themefd26doctype
26 Apr 2024 20:15:09 TRACE: Resolving type for handle stylesheet5d8bdoctype
26 Apr 2024 20:15:09 TRACE: Resolving type for handle ctstylesheet4257type
26 Apr 2024 20:15:09 TRACE: Resolving type for handle ctfonts6623type
26 Apr 2024 20:15:09 TRACE: Resolving type for handle ctfont14d8type
26 Apr 2024 20:15:09 TRACE: Resolving type for handle ctfills2c6ftype
26 Apr 2024 20:15:09 TRACE: Resolving type for handle ctfill550ctype
26 Apr 2024 20:15:09 TRACE: Resolving type for handle ctborders0d66type
26 Apr 2024 20:15:09 TRACE: Resolving type for handle ctborderf935type
26 Apr 2024 20:15:09 TRACE: Resolving type for handle ctcellxfs1322type
26 Apr 2024 20:15:09 TRACE: Resolving type for handle ctxf97f7type
26 Apr 2024 20:15:09 TRACE: Resolving type for handle ctcellstylexfsa81ftype
26 Apr 2024 20:15:09 TRACE: Resolving type for handle ctdxfsb26atype
26 Apr 2024 20:15:09 TRACE: Resolving type for handle cttablestyles872ftype
26 Apr 2024 20:15:09 TRACE: Resolving type for handle sstf81fdoctype
26 Apr 2024 20:15:09 TRACE: Resolving type for handle ctsst44f3type
26 Apr 2024 20:15:09 TRACE: Resolving type for handle ctrsta472type
26 Apr 2024 20:15:09 TRACE: Resolving type for handle workbookec17doctype
26 Apr 2024 20:15:09 TRACE: Resolving type for handle ctworkbook83c3type
26 Apr 2024 20:15:09 TRACE: Resolving type for handle ctsheets49fdtype
26 Apr 2024 20:15:09 TRACE: Resolving type for handle ctsheet4dbetype
26 Apr 2024 20:15:09 TRACE: Resolving type for handle strelationshipid1e94type
26 Apr 2024 20:15:09 TRACE: Resolving type for handle worksheetf539doctype
26 Apr 2024 20:15:09 TRACE: Resolving type for handle ctworksheet530dtype
26 Apr 2024 20:15:09 TRACE: Resolving type for handle ctcols627ctype
26 Apr 2024 20:15:09 TRACE: Resolving type for handle ctcola95ftype
26 Apr 2024 20:15:09 TRACE: Resolving type for handle ctsheetdata8408type
26 Apr 2024 20:15:09 TRACE: Resolving type for handle ctrowdd39type
26 Apr 2024 20:15:09 TRACE: Resolving type for handle ctcell842btype
26 Apr 2024 20:15:09 TRACE: Resolving type for handle stcellrefe4e0type
26 Apr 2024 20:15:09 TRACE: Resolving type for handle stcelltypebf95type
26 Apr 2024 20:15:09 TRACE: Resolving type for handle stxstringf179type
26 Apr 2024 20:15:09 INFO : before test ended
26 Apr 2024 20:15:09 INFO : test1 started
26 Apr 2024 20:15:49 INFO : test1 ended
26 Apr 2024 20:15:49 INFO : test2 started
26 Apr 2024 20:16:01 INFO : test1 started
26 Apr 2024 20:16:01 INFO : test3 started
26 Apr 2024 20:16:14 INFO : test3 ended
26 Apr 2024 20:16:14 INFO : driver has quited
26 Apr 2024 20:18:01 INFO : before test started
26 Apr 2024 20:18:03 DEBUG: Parsing relationship: /xl/_rels/workbook.xml.rels
26 Apr 2024 20:18:03 DEBUG: Parsing relationship: /_rels/.rels
26 Apr 2024 20:18:04 TRACE: Loading type system org.apache.poi.schemas.ooxml.system.ooxml
26 Apr 2024 20:18:04 TRACE: Loading type system org.apache.xmlbeans.metadata.system.sXMLCONFIG
26 Apr 2024 20:18:04 TRACE: Loading type system org.apache.xmlbeans.metadata.system.sXMLLANG
26 Apr 2024 20:18:04 TRACE: Loading type system org.apache.xmlbeans.metadata.system.sXMLSCHEMA
26 Apr 2024 20:18:04 TRACE: Loading type system org.apache.xmlbeans.metadata.system.sXMLTOOLS
26 Apr 2024 20:18:04 TRACE: Reading unresolved handles for type system org.apache.xmlbeans.metadata.system.sXMLTOOLS
26 Apr 2024 20:18:04 TRACE: Finished loading type system org.apache.xmlbeans.metadata.system.sXMLTOOLS
26 Apr 2024 20:18:04 TRACE: Reading unresolved handles for type system org.apache.xmlbeans.metadata.system.sXMLSCHEMA
26 Apr 2024 20:18:04 TRACE: Finished loading type system org.apache.xmlbeans.metadata.system.sXMLSCHEMA
26 Apr 2024 20:18:04 TRACE: Reading unresolved handles for type system org.apache.xmlbeans.metadata.system.sXMLLANG
26 Apr 2024 20:18:04 TRACE: Finished loading type system org.apache.xmlbeans.metadata.system.sXMLLANG
26 Apr 2024 20:18:04 TRACE: Reading unresolved handles for type system org.apache.xmlbeans.metadata.system.sXMLCONFIG
26 Apr 2024 20:18:04 TRACE: Finished loading type system org.apache.xmlbeans.metadata.system.sXMLCONFIG
26 Apr 2024 20:18:04 TRACE: Reading unresolved handles for type system org.apache.poi.schemas.ooxml.system.ooxml
26 Apr 2024 20:18:04 TRACE: Finished loading type system org.apache.poi.schemas.ooxml.system.ooxml
26 Apr 2024 20:18:04 TRACE: Resolving type for handle themefd26doctype
26 Apr 2024 20:18:04 TRACE: Resolving type for handle stylesheet5d8bdoctype
26 Apr 2024 20:18:04 TRACE: Resolving type for handle ctstylesheet4257type
26 Apr 2024 20:18:04 TRACE: Resolving type for handle ctfonts6623type
26 Apr 2024 20:18:04 TRACE: Resolving type for handle ctfont14d8type
26 Apr 2024 20:18:04 TRACE: Resolving type for handle ctfills2c6ftype
26 Apr 2024 20:18:04 TRACE: Resolving type for handle ctfill550ctype
26 Apr 2024 20:18:04 TRACE: Resolving type for handle ctborders0d66type
26 Apr 2024 20:18:04 TRACE: Resolving type for handle ctborderf935type
26 Apr 2024 20:18:04 TRACE: Resolving type for handle ctcellxfs1322type
26 Apr 2024 20:18:04 TRACE: Resolving type for handle ctxf97f7type
26 Apr 2024 20:18:04 TRACE: Resolving type for handle ctcellstylexfsa81ftype
26 Apr 2024 20:18:04 TRACE: Resolving type for handle ctdxfsb26atype
26 Apr 2024 20:18:04 TRACE: Resolving type for handle cttablestyles872ftype
26 Apr 2024 20:18:04 TRACE: Resolving type for handle sstf81fdoctype
26 Apr 2024 20:18:04 TRACE: Resolving type for handle ctsst44f3type
26 Apr 2024 20:18:04 TRACE: Resolving type for handle ctrsta472type
26 Apr 2024 20:18:04 TRACE: Resolving type for handle workbookec17doctype
26 Apr 2024 20:18:04 TRACE: Resolving type for handle ctworkbook83c3type
26 Apr 2024 20:18:04 TRACE: Resolving type for handle ctsheets49fdtype
26 Apr 2024 20:18:04 TRACE: Resolving type for handle ctsheet4dbetype
26 Apr 2024 20:18:04 TRACE: Resolving type for handle strelationshipid1e94type
26 Apr 2024 20:18:04 TRACE: Resolving type for handle worksheetf539doctype
26 Apr 2024 20:18:04 TRACE: Resolving type for handle ctworksheet530dtype
26 Apr 2024 20:18:04 TRACE: Resolving type for handle ctcols627ctype
26 Apr 2024 20:18:04 TRACE: Resolving type for handle ctcola95ftype
26 Apr 2024 20:18:04 TRACE: Resolving type for handle ctsheetdata8408type
26 Apr 2024 20:18:04 TRACE: Resolving type for handle ctrowdd39type
26 Apr 2024 20:18:04 TRACE: Resolving type for handle ctcell842btype
26 Apr 2024 20:18:04 TRACE: Resolving type for handle stcellrefe4e0type
26 Apr 2024 20:18:04 TRACE: Resolving type for handle stcelltypebf95type
26 Apr 2024 20:18:04 TRACE: Resolving type for handle stxstringf179type
26 Apr 2024 20:18:04 INFO : before test ended
26 Apr 2024 20:18:05 INFO : test3 started
26 Apr 2024 20:18:34 INFO : driver has quited
26 Apr 2024 20:19:20 INFO : before test started
26 Apr 2024 20:19:22 DEBUG: Parsing relationship: /xl/_rels/workbook.xml.rels
26 Apr 2024 20:19:22 DEBUG: Parsing relationship: /_rels/.rels
26 Apr 2024 20:19:22 TRACE: Loading type system org.apache.poi.schemas.ooxml.system.ooxml
26 Apr 2024 20:19:22 TRACE: Loading type system org.apache.xmlbeans.metadata.system.sXMLCONFIG
26 Apr 2024 20:19:22 TRACE: Loading type system org.apache.xmlbeans.metadata.system.sXMLLANG
26 Apr 2024 20:19:22 TRACE: Loading type system org.apache.xmlbeans.metadata.system.sXMLSCHEMA
26 Apr 2024 20:19:22 TRACE: Loading type system org.apache.xmlbeans.metadata.system.sXMLTOOLS
26 Apr 2024 20:19:22 TRACE: Reading unresolved handles for type system org.apache.xmlbeans.metadata.system.sXMLTOOLS
26 Apr 2024 20:19:22 TRACE: Finished loading type system org.apache.xmlbeans.metadata.system.sXMLTOOLS
26 Apr 2024 20:19:22 TRACE: Reading unresolved handles for type system org.apache.xmlbeans.metadata.system.sXMLSCHEMA
26 Apr 2024 20:19:22 TRACE: Finished loading type system org.apache.xmlbeans.metadata.system.sXMLSCHEMA
26 Apr 2024 20:19:22 TRACE: Reading unresolved handles for type system org.apache.xmlbeans.metadata.system.sXMLLANG
26 Apr 2024 20:19:22 TRACE: Finished loading type system org.apache.xmlbeans.metadata.system.sXMLLANG
26 Apr 2024 20:19:22 TRACE: Reading unresolved handles for type system org.apache.xmlbeans.metadata.system.sXMLCONFIG
26 Apr 2024 20:19:22 TRACE: Finished loading type system org.apache.xmlbeans.metadata.system.sXMLCONFIG
26 Apr 2024 20:19:22 TRACE: Reading unresolved handles for type system org.apache.poi.schemas.ooxml.system.ooxml
26 Apr 2024 20:19:22 TRACE: Finished loading type system org.apache.poi.schemas.ooxml.system.ooxml
26 Apr 2024 20:19:22 TRACE: Resolving type for handle themefd26doctype
26 Apr 2024 20:19:22 TRACE: Resolving type for handle stylesheet5d8bdoctype
26 Apr 2024 20:19:22 TRACE: Resolving type for handle ctstylesheet4257type
26 Apr 2024 20:19:22 TRACE: Resolving type for handle ctfonts6623type
26 Apr 2024 20:19:22 TRACE: Resolving type for handle ctfont14d8type
26 Apr 2024 20:19:22 TRACE: Resolving type for handle ctfills2c6ftype
26 Apr 2024 20:19:22 TRACE: Resolving type for handle ctfill550ctype
26 Apr 2024 20:19:22 TRACE: Resolving type for handle ctborders0d66type
26 Apr 2024 20:19:22 TRACE: Resolving type for handle ctborderf935type
26 Apr 2024 20:19:22 TRACE: Resolving type for handle ctcellxfs1322type
26 Apr 2024 20:19:22 TRACE: Resolving type for handle ctxf97f7type
26 Apr 2024 20:19:22 TRACE: Resolving type for handle ctcellstylexfsa81ftype
26 Apr 2024 20:19:22 TRACE: Resolving type for handle ctdxfsb26atype
26 Apr 2024 20:19:22 TRACE: Resolving type for handle cttablestyles872ftype
26 Apr 2024 20:19:22 TRACE: Resolving type for handle sstf81fdoctype
26 Apr 2024 20:19:22 TRACE: Resolving type for handle ctsst44f3type
26 Apr 2024 20:19:22 TRACE: Resolving type for handle ctrsta472type
26 Apr 2024 20:19:22 TRACE: Resolving type for handle workbookec17doctype
26 Apr 2024 20:19:22 TRACE: Resolving type for handle ctworkbook83c3type
26 Apr 2024 20:19:22 TRACE: Resolving type for handle ctsheets49fdtype
26 Apr 2024 20:19:22 TRACE: Resolving type for handle ctsheet4dbetype
26 Apr 2024 20:19:22 TRACE: Resolving type for handle strelationshipid1e94type
26 Apr 2024 20:19:22 TRACE: Resolving type for handle worksheetf539doctype
26 Apr 2024 20:19:22 TRACE: Resolving type for handle ctworksheet530dtype
26 Apr 2024 20:19:22 TRACE: Resolving type for handle ctcols627ctype
26 Apr 2024 20:19:22 TRACE: Resolving type for handle ctcola95ftype
26 Apr 2024 20:19:22 TRACE: Resolving type for handle ctsheetdata8408type
26 Apr 2024 20:19:22 TRACE: Resolving type for handle ctrowdd39type
26 Apr 2024 20:19:22 TRACE: Resolving type for handle ctcell842btype
26 Apr 2024 20:19:22 TRACE: Resolving type for handle stcellrefe4e0type
26 Apr 2024 20:19:22 TRACE: Resolving type for handle stcelltypebf95type
26 Apr 2024 20:19:22 TRACE: Resolving type for handle stxstringf179type
26 Apr 2024 20:19:22 INFO : before test ended
26 Apr 2024 20:19:22 INFO : test1 started
26 Apr 2024 20:19:25 INFO : test2 started
26 Apr 2024 20:19:25 INFO : test3 started
26 Apr 2024 20:19:25 INFO : driver has quited
26 Apr 2024 20:19:38 INFO : before test started
26 Apr 2024 20:19:39 DEBUG: Parsing relationship: /xl/_rels/workbook.xml.rels
26 Apr 2024 20:19:39 DEBUG: Parsing relationship: /_rels/.rels
26 Apr 2024 20:19:40 TRACE: Loading type system org.apache.poi.schemas.ooxml.system.ooxml
26 Apr 2024 20:19:40 TRACE: Loading type system org.apache.xmlbeans.metadata.system.sXMLCONFIG
26 Apr 2024 20:19:40 TRACE: Loading type system org.apache.xmlbeans.metadata.system.sXMLLANG
26 Apr 2024 20:19:40 TRACE: Loading type system org.apache.xmlbeans.metadata.system.sXMLSCHEMA
26 Apr 2024 20:19:40 TRACE: Loading type system org.apache.xmlbeans.metadata.system.sXMLTOOLS
26 Apr 2024 20:19:40 TRACE: Reading unresolved handles for type system org.apache.xmlbeans.metadata.system.sXMLTOOLS
26 Apr 2024 20:19:40 TRACE: Finished loading type system org.apache.xmlbeans.metadata.system.sXMLTOOLS
26 Apr 2024 20:19:40 TRACE: Reading unresolved handles for type system org.apache.xmlbeans.metadata.system.sXMLSCHEMA
26 Apr 2024 20:19:40 TRACE: Finished loading type system org.apache.xmlbeans.metadata.system.sXMLSCHEMA
26 Apr 2024 20:19:40 TRACE: Reading unresolved handles for type system org.apache.xmlbeans.metadata.system.sXMLLANG
26 Apr 2024 20:19:40 TRACE: Finished loading type system org.apache.xmlbeans.metadata.system.sXMLLANG
26 Apr 2024 20:19:40 TRACE: Reading unresolved handles for type system org.apache.xmlbeans.metadata.system.sXMLCONFIG
26 Apr 2024 20:19:40 TRACE: Finished loading type system org.apache.xmlbeans.metadata.system.sXMLCONFIG
26 Apr 2024 20:19:40 TRACE: Reading unresolved handles for type system org.apache.poi.schemas.ooxml.system.ooxml
26 Apr 2024 20:19:40 TRACE: Finished loading type system org.apache.poi.schemas.ooxml.system.ooxml
26 Apr 2024 20:19:40 TRACE: Resolving type for handle themefd26doctype
26 Apr 2024 20:19:40 TRACE: Resolving type for handle stylesheet5d8bdoctype
26 Apr 2024 20:19:40 TRACE: Resolving type for handle ctstylesheet4257type
26 Apr 2024 20:19:40 TRACE: Resolving type for handle ctfonts6623type
26 Apr 2024 20:19:40 TRACE: Resolving type for handle ctfont14d8type
26 Apr 2024 20:19:40 TRACE: Resolving type for handle ctfills2c6ftype
26 Apr 2024 20:19:40 TRACE: Resolving type for handle ctfill550ctype
26 Apr 2024 20:19:40 TRACE: Resolving type for handle ctborders0d66type
26 Apr 2024 20:19:40 TRACE: Resolving type for handle ctborderf935type
26 Apr 2024 20:19:40 TRACE: Resolving type for handle ctcellxfs1322type
26 Apr 2024 20:19:40 TRACE: Resolving type for handle ctxf97f7type
26 Apr 2024 20:19:40 TRACE: Resolving type for handle ctcellstylexfsa81ftype
26 Apr 2024 20:19:40 TRACE: Resolving type for handle ctdxfsb26atype
26 Apr 2024 20:19:40 TRACE: Resolving type for handle cttablestyles872ftype
26 Apr 2024 20:19:40 TRACE: Resolving type for handle sstf81fdoctype
26 Apr 2024 20:19:40 TRACE: Resolving type for handle ctsst44f3type
26 Apr 2024 20:19:40 TRACE: Resolving type for handle ctrsta472type
26 Apr 2024 20:19:40 TRACE: Resolving type for handle workbookec17doctype
26 Apr 2024 20:19:40 TRACE: Resolving type for handle ctworkbook83c3type
26 Apr 2024 20:19:40 TRACE: Resolving type for handle ctsheets49fdtype
26 Apr 2024 20:19:40 TRACE: Resolving type for handle ctsheet4dbetype
26 Apr 2024 20:19:40 TRACE: Resolving type for handle strelationshipid1e94type
26 Apr 2024 20:19:40 TRACE: Resolving type for handle worksheetf539doctype
26 Apr 2024 20:19:40 TRACE: Resolving type for handle ctworksheet530dtype
26 Apr 2024 20:19:40 TRACE: Resolving type for handle ctcols627ctype
26 Apr 2024 20:19:40 TRACE: Resolving type for handle ctcola95ftype
26 Apr 2024 20:19:40 TRACE: Resolving type for handle ctsheetdata8408type
26 Apr 2024 20:19:40 TRACE: Resolving type for handle ctrowdd39type
26 Apr 2024 20:19:40 TRACE: Resolving type for handle ctcell842btype
26 Apr 2024 20:19:40 TRACE: Resolving type for handle stcellrefe4e0type
26 Apr 2024 20:19:40 TRACE: Resolving type for handle stcelltypebf95type
26 Apr 2024 20:19:40 TRACE: Resolving type for handle stxstringf179type
26 Apr 2024 20:19:40 INFO : before test ended
26 Apr 2024 20:19:40 INFO : test3 started
26 Apr 2024 20:20:14 INFO : driver has quited
26 Apr 2024 20:20:31 INFO : before test started
26 Apr 2024 20:20:33 DEBUG: Parsing relationship: /xl/_rels/workbook.xml.rels
26 Apr 2024 20:20:33 DEBUG: Parsing relationship: /_rels/.rels
26 Apr 2024 20:20:33 TRACE: Loading type system org.apache.poi.schemas.ooxml.system.ooxml
26 Apr 2024 20:20:33 TRACE: Loading type system org.apache.xmlbeans.metadata.system.sXMLCONFIG
26 Apr 2024 20:20:33 TRACE: Loading type system org.apache.xmlbeans.metadata.system.sXMLLANG
26 Apr 2024 20:20:33 TRACE: Loading type system org.apache.xmlbeans.metadata.system.sXMLSCHEMA
26 Apr 2024 20:20:33 TRACE: Loading type system org.apache.xmlbeans.metadata.system.sXMLTOOLS
26 Apr 2024 20:20:33 TRACE: Reading unresolved handles for type system org.apache.xmlbeans.metadata.system.sXMLTOOLS
26 Apr 2024 20:20:33 TRACE: Finished loading type system org.apache.xmlbeans.metadata.system.sXMLTOOLS
26 Apr 2024 20:20:33 TRACE: Reading unresolved handles for type system org.apache.xmlbeans.metadata.system.sXMLSCHEMA
26 Apr 2024 20:20:33 TRACE: Finished loading type system org.apache.xmlbeans.metadata.system.sXMLSCHEMA
26 Apr 2024 20:20:33 TRACE: Reading unresolved handles for type system org.apache.xmlbeans.metadata.system.sXMLLANG
26 Apr 2024 20:20:33 TRACE: Finished loading type system org.apache.xmlbeans.metadata.system.sXMLLANG
26 Apr 2024 20:20:33 TRACE: Reading unresolved handles for type system org.apache.xmlbeans.metadata.system.sXMLCONFIG
26 Apr 2024 20:20:33 TRACE: Finished loading type system org.apache.xmlbeans.metadata.system.sXMLCONFIG
26 Apr 2024 20:20:33 TRACE: Reading unresolved handles for type system org.apache.poi.schemas.ooxml.system.ooxml
26 Apr 2024 20:20:33 TRACE: Finished loading type system org.apache.poi.schemas.ooxml.system.ooxml
26 Apr 2024 20:20:33 TRACE: Resolving type for handle themefd26doctype
26 Apr 2024 20:20:33 TRACE: Resolving type for handle stylesheet5d8bdoctype
26 Apr 2024 20:20:33 TRACE: Resolving type for handle ctstylesheet4257type
26 Apr 2024 20:20:33 TRACE: Resolving type for handle ctfonts6623type
26 Apr 2024 20:20:33 TRACE: Resolving type for handle ctfont14d8type
26 Apr 2024 20:20:33 TRACE: Resolving type for handle ctfills2c6ftype
26 Apr 2024 20:20:33 TRACE: Resolving type for handle ctfill550ctype
26 Apr 2024 20:20:33 TRACE: Resolving type for handle ctborders0d66type
26 Apr 2024 20:20:33 TRACE: Resolving type for handle ctborderf935type
26 Apr 2024 20:20:33 TRACE: Resolving type for handle ctcellxfs1322type
26 Apr 2024 20:20:33 TRACE: Resolving type for handle ctxf97f7type
26 Apr 2024 20:20:33 TRACE: Resolving type for handle ctcellstylexfsa81ftype
26 Apr 2024 20:20:33 TRACE: Resolving type for handle ctdxfsb26atype
26 Apr 2024 20:20:33 TRACE: Resolving type for handle cttablestyles872ftype
26 Apr 2024 20:20:33 TRACE: Resolving type for handle sstf81fdoctype
26 Apr 2024 20:20:33 TRACE: Resolving type for handle ctsst44f3type
26 Apr 2024 20:20:33 TRACE: Resolving type for handle ctrsta472type
26 Apr 2024 20:20:33 TRACE: Resolving type for handle workbookec17doctype
26 Apr 2024 20:20:33 TRACE: Resolving type for handle ctworkbook83c3type
26 Apr 2024 20:20:33 TRACE: Resolving type for handle ctsheets49fdtype
26 Apr 2024 20:20:33 TRACE: Resolving type for handle ctsheet4dbetype
26 Apr 2024 20:20:33 TRACE: Resolving type for handle strelationshipid1e94type
26 Apr 2024 20:20:33 TRACE: Resolving type for handle worksheetf539doctype
26 Apr 2024 20:20:33 TRACE: Resolving type for handle ctworksheet530dtype
26 Apr 2024 20:20:33 TRACE: Resolving type for handle ctcols627ctype
26 Apr 2024 20:20:33 TRACE: Resolving type for handle ctcola95ftype
26 Apr 2024 20:20:33 TRACE: Resolving type for handle ctsheetdata8408type
26 Apr 2024 20:20:33 TRACE: Resolving type for handle ctrowdd39type
26 Apr 2024 20:20:33 TRACE: Resolving type for handle ctcell842btype
26 Apr 2024 20:20:33 TRACE: Resolving type for handle stcellrefe4e0type
26 Apr 2024 20:20:33 TRACE: Resolving type for handle stcelltypebf95type
26 Apr 2024 20:20:33 TRACE: Resolving type for handle stxstringf179type
26 Apr 2024 20:20:33 INFO : before test ended
26 Apr 2024 20:20:34 INFO : test1 started
